<?xml version="1.0" encoding="UTF-8"?>
<testng-results skipped="0" failed="0" ignored="0" total="2" passed="2">
  <reporter-output>
  </reporter-output>
  <suite name="Default suite" duration-ms="14657" started-at="2021-01-17T20:24:20 EST" finished-at="2021-01-17T20:24:35 EST">
    <groups>
    </groups>
    <test name="Default test" duration-ms="14657" started-at="2021-01-17T20:24:20 EST" finished-at="2021-01-17T20:24:35 EST">
      <class name="synchronization.ImplicitWait.ImplicitWait1">
        <test-method status="PASS" signature="openApp()[pri:0, instance:synchronization.ImplicitWait.ImplicitWait1@27a8c74e]" name="openApp" is-config="true" duration-ms="11091" started-at="2021-01-17T20:24:20 EST" finished-at="2021-01-17T20:24:31 EST">
          <reporter-output>
          </reporter-output>
        </test-method> <!-- openApp -->
        <test-method status="PASS" signature="findElementTest()[pri:1, instance:synchronization.ImplicitWait.ImplicitWait1@27a8c74e]" name="findElementTest" duration-ms="2894" started-at="2021-01-17T20:24:31 EST" finished-at="2021-01-17T20:24:34 EST">
          <reporter-output>
          </reporter-output>
        </test-method> <!-- findElementTest -->
        <test-method status="PASS" signature="findElementsTest()[pri:2, instance:synchronization.ImplicitWait.ImplicitWait1@27a8c74e]" name="findElementsTest" duration-ms="561" started-at="2021-01-17T20:24:34 EST" finished-at="2021-01-17T20:24:35 EST">
          <reporter-output>
          </reporter-output>
        </test-method> <!-- findElementsTest -->
      </class> <!-- synchronization.ImplicitWait.ImplicitWait1 -->
    </test> <!-- Default test -->
  </suite> <!-- Default suite -->
</testng-results>
