<?xml version="1.0" encoding="UTF-8"?>
<!-- Generated by org.testng.reporters.JUnitXMLReporter -->
<testsuite hostname="DESKTOP-INQUNRP" ignored="1" name="Functional Test" tests="5" failures="0" timestamp="2021-02-06T21:18:29 EST" time="15.397" errors="0">
  <testcase name="myAccountLoginLinkTest" time="1.072" classname="pageObjectModelTests.LoginTest"/>
  <testcase name="switchToChildWindowTest" time="1.929" classname="pageObjectModelTests.LoginTest"/>
  <testcase name="userNameTest" time="1.694" classname="pageObjectModelTests.LoginTest"/>
  <testcase name="passwordLinkTest" time="0.202" classname="pageObjectModelTests.LoginTest"/>
  <testcase name="submitTest" time="0.283" classname="pageObjectModelTests.LoginTest"/>
  <testcase name="loginRegresationTest" time="0.0" classname="pageObjectModelTests.LoginTest">
    <ignored/>
  </testcase> <!-- loginRegresationTest -->
</testsuite> <!-- Functional Test -->
