<?xml version="1.0" encoding="UTF-8"?>
<!-- Generated by org.testng.reporters.JUnitXMLReporter -->
<testsuite hostname="DESKTOP-INQUNRP" ignored="5" name="LoginTest" tests="3" failures="0" timestamp="2021-02-06T13:54:00 EST" time="13.428" errors="0">
  <testcase name="homePageValidationTest" time="0.395" classname="pageObjectModelTests.PagefactoryTest"/>
  <testcase name="loginRegressionTest" time="3.06" classname="pageObjectModelTests.PagefactoryTest"/>
  <testcase name="landingPageValidationTest" time="0.016" classname="pageObjectModelTests.PagefactoryTest"/>
  <testcase name="passwordTest" time="0.0" classname="pageObjectModelTests.PagefactoryTest">
    <ignored/>
  </testcase> <!-- passwordTest -->
  <testcase name="switchToChildWindow" time="0.0" classname="pageObjectModelTests.PagefactoryTest">
    <ignored/>
  </testcase> <!-- switchToChildWindow -->
  <testcase name="loginLinkTest" time="0.0" classname="pageObjectModelTests.PagefactoryTest">
    <ignored/>
  </testcase> <!-- loginLinkTest -->
  <testcase name="ubmitTest" time="0.0" classname="pageObjectModelTests.PagefactoryTest">
    <ignored/>
  </testcase> <!-- ubmitTest -->
  <testcase name="userNameTest" time="0.0" classname="pageObjectModelTests.PagefactoryTest">
    <ignored/>
  </testcase> <!-- userNameTest -->
</testsuite> <!-- LoginTest -->
