<?xml version="1.0" encoding="UTF-8"?>
<!-- Generated by org.testng.reporters.JUnitXMLReporter -->
<testsuite hostname="DESKTOP-INQUNRP" ignored="8" tests="0" failures="0" timestamp="2021-02-06T13:49:30 EST" time="0.001" errors="0">
  <testcase name="passwordTest" time="0.0" classname="pageObjectModelTests.PagefactoryTest">
    <ignored/>
  </testcase> <!-- passwordTest -->
  <testcase name="switchToChildWindow" time="0.0" classname="pageObjectModelTests.PagefactoryTest">
    <ignored/>
  </testcase> <!-- switchToChildWindow -->
  <testcase name="ubmitTest" time="0.0" classname="pageObjectModelTests.PagefactoryTest">
    <ignored/>
  </testcase> <!-- ubmitTest -->
  <testcase name="loginLinkTest" time="0.0" classname="pageObjectModelTests.PagefactoryTest">
    <ignored/>
  </testcase> <!-- loginLinkTest -->
  <testcase name="userNameTest" time="0.0" classname="pageObjectModelTests.PagefactoryTest">
    <ignored/>
  </testcase> <!-- userNameTest -->
  <testcase name="landingPageValidationTest" time="0.0" classname="pageObjectModelTests.PagefactoryTest">
    <ignored/>
  </testcase> <!-- landingPageValidationTest -->
  <testcase name="loginRegressionTest" time="0.0" classname="pageObjectModelTests.PagefactoryTest">
    <ignored/>
  </testcase> <!-- loginRegressionTest -->
  <testcase name="homePageValidationTest" time="0.0" classname="pageObjectModelTests.PagefactoryTest">
    <ignored/>
  </testcase> <!-- homePageValidationTest -->
</testsuite>
