<?xml version="1.0" encoding="UTF-8"?>
<!-- Generated by org.testng.reporters.JUnitXMLReporter -->
<testsuite hostname="DESKTOP-INQUNRP" ignored="5" name="regressional Test" tests="3" failures="0" timestamp="2021-02-06T19:45:09 EST" time="19.253" errors="0">
  <testcase name="homePageValidationTest" time="0.285" classname="pageObjectModelTests.PagefactoryTest"/>
  <testcase name="loginRegressionTest" time="4.019" classname="pageObjectModelTests.PagefactoryTest"/>
  <testcase name="landingPageValidationTest" time="0.029" classname="pageObjectModelTests.PagefactoryTest"/>
  <testcase name="passwordTest" time="0.0" classname="pageObjectModelTests.PagefactoryTest">
    <ignored/>
  </testcase> <!-- passwordTest -->
  <testcase name="ubmitTest" time="0.0" classname="pageObjectModelTests.PagefactoryTest">
    <ignored/>
  </testcase> <!-- ubmitTest -->
  <testcase name="loginLinkTest" time="0.0" classname="pageObjectModelTests.PagefactoryTest">
    <ignored/>
  </testcase> <!-- loginLinkTest -->
  <testcase name="switchToChildWindow" time="0.0" classname="pageObjectModelTests.PagefactoryTest">
    <ignored/>
  </testcase> <!-- switchToChildWindow -->
  <testcase name="userNameTest" time="0.0" classname="pageObjectModelTests.PagefactoryTest">
    <ignored/>
  </testcase> <!-- userNameTest -->
</testsuite> <!-- regressional Test -->
