<?xml version="1.0" encoding="UTF-8"?>
<!-- Generated by org.testng.reporters.JUnitXMLReporter -->
<testsuite hostname="DESKTOP-INQUNRP" ignored="5" name="Regression Test" tests="1" failures="0" timestamp="2021-02-06T21:18:46 EST" time="16.506" errors="0">
  <testcase name="loginRegresationTest" time="4.51" classname="pageObjectModelTests.LoginTest"/>
  <testcase name="submitTest" time="0.0" classname="pageObjectModelTests.LoginTest">
    <ignored/>
  </testcase> <!-- submitTest -->
  <testcase name="passwordLinkTest" time="0.0" classname="pageObjectModelTests.LoginTest">
    <ignored/>
  </testcase> <!-- passwordLinkTest -->
  <testcase name="myAccountLoginLinkTest" time="0.0" classname="pageObjectModelTests.LoginTest">
    <ignored/>
  </testcase> <!-- myAccountLoginLinkTest -->
  <testcase name="userNameTest" time="0.0" classname="pageObjectModelTests.LoginTest">
    <ignored/>
  </testcase> <!-- userNameTest -->
  <testcase name="switchToChildWindowTest" time="0.0" classname="pageObjectModelTests.LoginTest">
    <ignored/>
  </testcase> <!-- switchToChildWindowTest -->
</testsuite> <!-- Regression Test -->
