<?xml version="1.0" encoding="UTF-8"?>
<!-- Generated by org.testng.reporters.JUnitXMLReporter -->
<testsuite hostname="DESKTOP-INQUNRP" ignored="1" name="Test" tests="5" failures="0" timestamp="2021-02-06T21:16:22 EST" time="19.144" errors="0">
  <testcase name="myAccountLoginLinkTest" time="1.028" classname="pageObjectModelTests.LoginTest"/>
  <testcase name="switchToChildWindowTest" time="3.044" classname="pageObjectModelTests.LoginTest"/>
  <testcase name="userNameTest" time="0.196" classname="pageObjectModelTests.LoginTest"/>
  <testcase name="passwordLinkTest" time="0.68" classname="pageObjectModelTests.LoginTest"/>
  <testcase name="submitTest" time="0.146" classname="pageObjectModelTests.LoginTest"/>
  <testcase name="loginRegresationTest" time="0.0" classname="pageObjectModelTests.LoginTest">
    <ignored/>
  </testcase> <!-- loginRegresationTest -->
</testsuite> <!-- Test -->
