<?xml version="1.0" encoding="UTF-8"?>
<!-- Generated by org.testng.reporters.JUnitXMLReporter -->
<testsuite hostname="DESKTOP-INQUNRP" ignored="0" name="Default test" tests="4" failures="0" timestamp="2021-01-02T20:44:55 EST" time="24.734" errors="0">
  <testcase name="topmost_Class_Test" time="0.272" classname="locators.Attribute.Attribute_Class"/>
  <testcase name="tinyText_Class_Test" time="0.044" classname="locators.Attribute.Attribute_Class"/>
  <testcase name="carousel_Class_Test" time="0.091" classname="locators.Attribute.Attribute_Class"/>
  <testcase name="logIN_class_Test" time="4.676" classname="locators.Attribute.Attribute_Class"/>
</testsuite> <!-- Default test -->
