<?xml version="1.0" encoding="UTF-8"?>
<!-- Generated by org.testng.reporters.JUnitXMLReporter -->
<testsuite hostname="DESKTOP-INQUNRP" ignored="0" name="Default test" tests="2" failures="0" timestamp="2021-01-17T20:24:35 EST" time="14.657" errors="0">
  <testcase name="findElementTest" time="2.894" classname="synchronization.ImplicitWait.ImplicitWait1"/>
  <testcase name="findElementsTest" time="0.561" classname="synchronization.ImplicitWait.ImplicitWait1"/>
</testsuite> <!-- Default test -->
